[    2189ms] [WARNING] DEPRECATED JS - Cookie has been deprecated since 5.8.0 and will be removed in a future release. Use cookie instead.   
     at https://dznts4b5cydfs.cloudfront.net/guneyk.atlassian.net/s/d41d8cd98f00b204e9800998ecf8427e-CDN/kq7re0/b/1/55e408e927360d8154e85116d1080554/_/download/contextbatch/js/jira.webresources:skate,jira.webresources:dialogs,jira.webresources:jira-global,jira.webresources:util-lite,jira.webresources:util,jira.webresources:feature-flags,com.atlassian.auiplugin:aui-spinner,com.atlassian.jira.jira-client-analytics-plugin:analytics-web-client,-jira.heritage.critical/batch.js?locale=en-US:29:209 @ https://dznts4b5cydfs.cloudfront.net/guneyk.atlassian.net/s/d41d8cd98f00b204e9800998ecf8427e-CDN/kq7re0/b/1/55e408e927360d8154e85116d1080554/_/download/contextbatch/js/jira.webresources:skate,jira.webresources:dialogs,jira.webresources:jira-global,jira.webresources:util-lite,jira.webresources:util,jira.webresources:feature-flags,com.atlassian.auiplugin:aui-spinner,com.atlassian.jira.jira-client-analytics-plugin:analytics-web-client,-jira.heritage.critical/batch.js?locale=en-US:31
[    2312ms] [WARNING] DEPRECATED JS - Dropdown constructor has been deprecated and will be removed in a future release. Use Dropdown2 instead.   
     at HTMLDocument.<anonymous> (https://dznts4b5cydfs.cloudfront.net/guneyk.atlassian.net/s/d41d8cd98f00b204e9800998ecf8427e-CDN/kq7re0/b/1/55e408e927360d8154e85116d1080554/_/download/contextbatch/js/jira.webresources:skate,jira.webresources:dialogs,jira.webresources:jira-global,jira.webresources:util-lite,jira.webresources:util,jira.webresources:feature-flags,com.atlassian.auiplugin:aui-spinner,com.atlassian.jira.jira-client-analytics-plugin:analytics-web-client,-jira.heritage.critical/batch.js?locale=en-US:3629:201) @ https://dznts4b5cydfs.cloudfront.net/guneyk.atlassian.net/s/d41d8cd98f00b204e9800998ecf8427e-CDN/kq7re0/b/1/55e408e927360d8154e85116d1080554/_/download/contextbatch/js/jira.webresources:skate,jira.webresources:dialogs,jira.webresources:jira-global,jira.webresources:util-lite,jira.webresources:util,jira.webresources:feature-flags,com.atlassian.auiplugin:aui-spinner,com.atlassian.jira.jira-client-analytics-plugin:analytics-web-client,-jira.heritage.critical/batch.js?locale=en-US:31
[    2602ms] [WARNING] AJS's create element functionality has been deprecated since 5.9.0.
No alternative will be provided.
Use document.createElement() or jQuery.parseHTML(), or preferably use a templating library. @ https://dznts4b5cydfs.cloudfront.net/guneyk.atlassian.net/s/d41d8cd98f00b204e9800998ecf8427e-CDN/kq7re0/b/1/55e408e927360d8154e85116d1080554/_/download/contextbatch/js/jira.webresources:skate,jira.webresources:dialogs,jira.webresources:jira-global,jira.webresources:util-lite,jira.webresources:util,jira.webresources:feature-flags,com.atlassian.auiplugin:aui-spinner,com.atlassian.jira.jira-client-analytics-plugin:analytics-web-client,-jira.heritage.critical/batch.js?locale=en-US:20
[    2614ms] [WARNING] DEPRECATED JS - Inline dialog constructor has been deprecated and will be removed in a future release. Use inline dialog 2 instead.   
     at l (https://dznts4b5cydfs.cloudfront.net/guneyk.atlassian.net/s/d41d8cd98f00b204e9800998ecf8427e-CDN/kq7re0/b/1/beb183fb8303632b5ef3e9337d0ab21a/_/download/contextbatch/js/jira.heritage.critical/batch.js:6:2054) @ https://dznts4b5cydfs.cloudfront.net/guneyk.atlassian.net/s/d41d8cd98f00b204e9800998ecf8427e-CDN/kq7re0/b/1/55e408e927360d8154e85116d1080554/_/download/contextbatch/js/jira.webresources:skate,jira.webresources:dialogs,jira.webresources:jira-global,jira.webresources:util-lite,jira.webresources:util,jira.webresources:feature-flags,com.atlassian.auiplugin:aui-spinner,com.atlassian.jira.jira-client-analytics-plugin:analytics-web-client,-jira.heritage.critical/batch.js?locale=en-US:31
[    3131ms] [WARNING] Multiple versions of FeatureGateClients found on the current page.
      The currently bound version is 0.0.0-use.local when module version 4.23.4 was loading. @ https://jira-frontend-bifrost.prod-east.frontend.public.atl-paas.net/assets/async-connect-js-api.29339ff6.js:1
[    3306ms] [WARNING] Deprecated API for given entry type. @ https://jira-frontend-bifrost.prod-east.frontend.public.atl-paas.net/assets/create-payloads.d6d55148.js:1
[    3391ms] [ERROR] Failed to load resource: the server responded with a status of 404 () @ https://guneyk.atlassian.net/rest/api/3/mypreferences?key=jira.user.theme.custom-nav-bar-section-message.dismissed:0
[    3419ms] [ERROR] Failed to load resource: the server responded with a status of 404 () @ https://guneyk.atlassian.net/rest/api/3/mypreferences?key=jira.user.theme.custom-nav-bar-flag.dismissed:0
[    3543ms] [LOG] Failed to run init function: TypeError: removeOldAnalytics is not a function
function() {
    	determineStorageKey();
        setTimeout(bulkPublish, 500);
        removeOldAnalytics();
    } @ https://dznts4b5cydfs.cloudfront.net/guneyk.atlassian.net/s/d41d8cd98f00b204e9800998ecf8427e-CDN/kq7re0/b/1/55e408e927360d8154e85116d1080554/_/download/contextbatch/js/jira.webresources:skate,jira.webresources:dialogs,jira.webresources:jira-global,jira.webresources:util-lite,jira.webresources:util,jira.webresources:feature-flags,com.atlassian.auiplugin:aui-spinner,com.atlassian.jira.jira-client-analytics-plugin:analytics-web-client,-jira.heritage.critical/batch.js?locale=en-US:218
[   17204ms] [WARNING] IndexedDB timed out. @ https://dznts4b5cydfs.cloudfront.net/guneyk.atlassian.net/s/d41d8cd98f00b204e9800998ecf8427e-CDN/kq7re0/b/1/55e408e927360d8154e85116d1080554/_/download/contextbatch/js/jira.webresources:skate,jira.webresources:dialogs,jira.webresources:jira-global,jira.webresources:util-lite,jira.webresources:util,jira.webresources:feature-flags,com.atlassian.auiplugin:aui-spinner,com.atlassian.jira.jira-client-analytics-plugin:analytics-web-client,-jira.heritage.critical/batch.js?locale=en-US:3200
[   21869ms] [ERROR] Failed to load resource: net::ERR_CONNECTION_TIMED_OUT @ https://o55978.ingest.sentry.io/api/5988809/envelope/?sentry_key=12742a0abbd1484686195dca8ba74be6&sentry_version=7&sentry_client=sentry.javascript.browser%2F7.119.0:0
[   24057ms] [ERROR] Failed to load resource: net::ERR_CONNECTION_TIMED_OUT @ https://o55978.ingest.sentry.io/api/5988809/envelope/?sentry_key=12742a0abbd1484686195dca8ba74be6&sentry_version=7&sentry_client=sentry.javascript.browser%2F7.119.0:0
[   24057ms] [ERROR] Failed to load resource: net::ERR_CONNECTION_TIMED_OUT @ https://o55978.ingest.sentry.io/api/5988809/envelope/?sentry_key=12742a0abbd1484686195dca8ba74be6&sentry_version=7&sentry_client=sentry.javascript.browser%2F7.119.0:0
